<?xml version="1.0" encoding="UTF-8"?>
<!-- Generated by org.testng.reporters.JUnitReportReporter -->
<testsuite skipped="1" hostname="DESKTOP-43KQQOH" name="com.bookit.tests.APIDay3" tests="2" failures="0" timestamp="13 May 2019 18:13:17 GMT" time="2.663" errors="0">
  <testcase name="regionPOSTv1" time="2.663" classname="com.bookit.tests.APIDay3"/>
  <testcase name="regionPOSTv4" classname="com.bookit.tests.APIDay3">
    <skipped/>
  </testcase> <!-- regionPOSTv4 -->
</testsuite> <!-- com.bookit.tests.APIDay3 -->
