<?xml version="1.0" encoding="UTF-8"?>
<!-- Generated by org.testng.reporters.JUnitReportReporter -->
<testsuite skipped="0" hostname="DESKTOP-43KQQOH" name="com.bookit.tests.APIDay2" tests="9" failures="0" timestamp="13 May 2019 17:51:39 GMT" time="4.443" errors="0">
  <testcase name="convertJSONtoListofMaps" time="2.458" classname="com.bookit.tests.APIDay2"/>
  <testcase name="testWithJsonPath" time="0.145" classname="com.bookit.tests.APIDay2"/>
  <testcase name="regionTaskV2" time="0.209" classname="com.bookit.tests.APIDay2"/>
  <testcase name="testWithPathParams" time="0.106" classname="com.bookit.tests.APIDay2"/>
  <testcase name="regionTaskV3" time="0.133" classname="com.bookit.tests.APIDay2"/>
  <testcase name="testJsonPathWithList" time="0.282" classname="com.bookit.tests.APIDay2"/>
  <testcase name="employeesWithParams" time="0.411" classname="com.bookit.tests.APIDay2"/>
  <testcase name="regionTaskV1" time="0.274" classname="com.bookit.tests.APIDay2"/>
  <testcase name="testWithJSONtoMap" time="0.425" classname="com.bookit.tests.APIDay2"/>
</testsuite> <!-- com.bookit.tests.APIDay2 -->
