<?xml version="1.0" encoding="UTF-8"?>
<!-- Generated by org.testng.reporters.JUnitReportReporter -->
<testsuite skipped="0" hostname="DESKTOP-43KQQOH" name="com.bookit.pages.everythingToTry" tests="1" failures="0" timestamp="14 May 2019 18:57:20 GMT" time="1.453" errors="0">
  <testcase name="trying" time="1.453" classname="com.bookit.pages.everythingToTry"/>
</testsuite> <!-- com.bookit.pages.everythingToTry -->
