<?xml version="1.0" encoding="UTF-8"?>
<!-- Generated by org.testng.reporters.JUnitReportReporter -->
<testsuite skipped="0" hostname="DESKTOP-43KQQOH" name="com.bookit.tests.everythingToTry" tests="1" failures="0" timestamp="14 May 2019 21:35:27 GMT" time="7.886" errors="0">
  <testcase name="trying" time="7.886" classname="com.bookit.tests.everythingToTry"/>
</testsuite> <!-- com.bookit.tests.everythingToTry -->
