<?xml version="1.0" encoding="UTF-8"?>
<!-- Generated by org.testng.reporters.JUnitReportReporter -->
<testsuite skipped="0" hostname="DESKTOP-43KQQOH" name="com.bookit.tests.APIDay1" tests="1" failures="0" timestamp="13 May 2019 17:50:37 GMT" time="2.349" errors="0">
  <testcase name="verifyRegionCount" time="2.349" classname="com.bookit.tests.APIDay1"/>
</testsuite> <!-- com.bookit.tests.APIDay1 -->
